2012-05-01 00:38:55 Error: [MethodNotAllowedException] Method Not Allowed
#0 [internal function]: UploadsController->delete('1')
#1 /Users/robsa/Sites/grabitdown/lib/Cake/Controller/Controller.php(485): ReflectionMethod->invokeArgs(Object(UploadsController), Array)
#2 /Users/robsa/Sites/grabitdown/lib/Cake/Routing/Dispatcher.php(103): Controller->invokeAction(Object(CakeRequest))
#3 /Users/robsa/Sites/grabitdown/lib/Cake/Routing/Dispatcher.php(85): Dispatcher->_invoke(Object(UploadsController), Object(CakeRequest), Object(CakeResponse))
#4 /Users/robsa/Sites/grabitdown/app/webroot/index.php(92): Dispatcher->dispatch(Object(CakeRequest), Object(CakeResponse))
#5 {main}
2012-05-01 02:15:36 Error: [PDOException] SQLSTATE[42S22]: Column not found: 1054 Unknown column 'User.username' in 'field list'
#0 /Users/robsa/Sites/grabitdown/lib/Cake/Model/Datasource/DboSource.php(437): PDOStatement->execute(Array)
#1 /Users/robsa/Sites/grabitdown/lib/Cake/Model/Datasource/DboSource.php(403): DboSource->_execute('SELECT `User`.`...', Array)
#2 /Users/robsa/Sites/grabitdown/lib/Cake/Model/Datasource/DboSource.php(647): DboSource->execute('SELECT `User`.`...', Array, Array)
#3 /Users/robsa/Sites/grabitdown/lib/Cake/Model/Datasource/DboSource.php(1058): DboSource->fetchAll('SELECT `User`.`...', false)
#4 /Users/robsa/Sites/grabitdown/lib/Cake/Model/Model.php(2663): DboSource->read(Object(User), Array)
#5 /Users/robsa/Sites/grabitdown/app/Controller/UploadsController.php(83): Model->find('list')
#6 [internal function]: UploadsController->add()
#7 /Users/robsa/Sites/grabitdown/lib/Cake/Controller/Controller.php(485): ReflectionMethod->invokeArgs(Object(UploadsController), Array)
#8 /Users/robsa/Sites/grabitdown/lib/Cake/Routing/Dispatcher.php(103): Controller->invokeAction(Object(CakeRequest))
#9 /Users/robsa/Sites/grabitdown/lib/Cake/Routing/Dispatcher.php(85): Dispatcher->_invoke(Object(UploadsController), Object(CakeRequest), Object(CakeResponse))
#10 /Users/robsa/Sites/grabitdown/app/webroot/index.php(92): Dispatcher->dispatch(Object(CakeRequest), Object(CakeResponse))
#11 {main}
2012-05-01 02:56:09 Error: [MissingPluginException] Plugin Utils could not be found.
#0 /Users/robsa/Sites/grabitdown/lib/Cake/Core/App.php(364): CakePlugin::path('Utils')
#1 /Users/robsa/Sites/grabitdown/lib/Cake/Core/App.php(225): App::pluginPath('Utils')
#2 /Users/robsa/Sites/grabitdown/lib/Cake/Core/App.php(542): App::path('Model/Behavior', 'Utils')
#3 [internal function]: App::load('SluggableBehavi...')
#4 [internal function]: spl_autoload_call('SluggableBehavi...')
#5 /Users/robsa/Sites/grabitdown/lib/Cake/Model/BehaviorCollection.php(121): class_exists('SluggableBehavi...')
#6 /Users/robsa/Sites/grabitdown/lib/Cake/Model/BehaviorCollection.php(68): BehaviorCollection->load('Utils.Sluggable', Array)
#7 /Users/robsa/Sites/grabitdown/lib/Cake/Model/Model.php(725): BehaviorCollection->init('User', Array)
#8 [internal function]: Model->__construct(Array)
#9 /Users/robsa/Sites/grabitdown/lib/Cake/Utility/ClassRegistry.php(156): ReflectionClass->newInstance(Array)
#10 /Users/robsa/Sites/grabitdown/lib/Cake/Model/Model.php(1007): ClassRegistry::init(Array)
#11 /Users/robsa/Sites/grabitdown/lib/Cake/Model/Model.php(833): Model->_constructLinkedModel('User', 'User', NULL)
#12 /Users/robsa/Sites/grabitdown/lib/Cake/Model/Model.php(863): Model->__isset('User')
#13 /Users/robsa/Sites/grabitdown/app/Controller/UploadsController.php(96): Model->__get('User')
#14 [internal function]: UploadsController->add()
#15 /Users/robsa/Sites/grabitdown/lib/Cake/Controller/Controller.php(485): ReflectionMethod->invokeArgs(Object(UploadsController), Array)
#16 /Users/robsa/Sites/grabitdown/lib/Cake/Routing/Dispatcher.php(103): Controller->invokeAction(Object(CakeRequest))
#17 /Users/robsa/Sites/grabitdown/lib/Cake/Routing/Dispatcher.php(85): Dispatcher->_invoke(Object(UploadsController), Object(CakeRequest), Object(CakeResponse))
#18 /Users/robsa/Sites/grabitdown/app/webroot/index.php(92): Dispatcher->dispatch(Object(CakeRequest), Object(CakeResponse))
#19 {main}
2012-05-01 08:02:09 Error: [PDOException] SQLSTATE[23000]: Integrity constraint violation: 1062 Duplicate entry '0' for key 'PRIMARY'
#0 /Users/robsa/Sites/grabitdown/lib/Cake/Model/Datasource/DboSource.php(437): PDOStatement->execute(Array)
#1 /Users/robsa/Sites/grabitdown/lib/Cake/Model/Datasource/DboSource.php(403): DboSource->_execute('INSERT INTO `gr...', Array)
#2 /Users/robsa/Sites/grabitdown/lib/Cake/Model/Datasource/DboSource.php(985): DboSource->execute('INSERT INTO `gr...')
#3 /Users/robsa/Sites/grabitdown/lib/Cake/Model/Model.php(1705): DboSource->create(Object(Code), Array, Array)
#4 /Users/robsa/Sites/grabitdown/lib/Cake/Model/Model.php(2065): Model->save(Array, Array)
#5 /Users/robsa/Sites/grabitdown/lib/Cake/Model/Model.php(2002): Model->saveMany(Array, Array)
#6 /Users/robsa/Sites/grabitdown/app/Model/Code.php(42): Model->saveAll(Array)
#7 /Users/robsa/Sites/grabitdown/app/Controller/UploadsController.php(78): Code->generateCodes(Array, 10)
#8 [internal function]: UploadsController->add()
#9 /Users/robsa/Sites/grabitdown/lib/Cake/Controller/Controller.php(485): ReflectionMethod->invokeArgs(Object(UploadsController), Array)
#10 /Users/robsa/Sites/grabitdown/lib/Cake/Routing/Dispatcher.php(103): Controller->invokeAction(Object(CakeRequest))
#11 /Users/robsa/Sites/grabitdown/lib/Cake/Routing/Dispatcher.php(85): Dispatcher->_invoke(Object(UploadsController), Object(CakeRequest), Object(CakeResponse))
#12 /Users/robsa/Sites/grabitdown/app/webroot/index.php(92): Dispatcher->dispatch(Object(CakeRequest), Object(CakeResponse))
#13 {main}
2012-05-01 08:23:10 Error: [PDOException] SQLSTATE[42000]: Syntax error or access violation: 1064 You have an error in your SQL syntax; check the manual that corresponds to your MySQL server version for the right syntax to use near 'validate' at line 1
#0 /Users/robsa/Sites/grabitdown/lib/Cake/Model/Datasource/DboSource.php(437): PDOStatement->execute(Array)
#1 /Users/robsa/Sites/grabitdown/lib/Cake/Model/Datasource/DboSource.php(403): DboSource->_execute('validate', Array)
#2 /Users/robsa/Sites/grabitdown/lib/Cake/Model/Datasource/DboSource.php(647): DboSource->execute('validate', Array, Array)
#3 /Users/robsa/Sites/grabitdown/lib/Cake/Model/Datasource/DboSource.php(589): DboSource->fetchAll('validate', Array, Array)
#4 /Users/robsa/Sites/grabitdown/lib/Cake/Model/Model.php(775): DboSource->query('validate', Array, Object(Upload))
#5 [internal function]: Model->__call('validate', Array)
#6 /Users/robsa/Sites/grabitdown/app/Controller/UploadsController.php(91): Upload->validate()
#7 [internal function]: UploadsController->add()
#8 /Users/robsa/Sites/grabitdown/lib/Cake/Controller/Controller.php(485): ReflectionMethod->invokeArgs(Object(UploadsController), Array)
#9 /Users/robsa/Sites/grabitdown/lib/Cake/Routing/Dispatcher.php(103): Controller->invokeAction(Object(CakeRequest))
#10 /Users/robsa/Sites/grabitdown/lib/Cake/Routing/Dispatcher.php(85): Dispatcher->_invoke(Object(UploadsController), Object(CakeRequest), Object(CakeResponse))
#11 /Users/robsa/Sites/grabitdown/app/webroot/index.php(92): Dispatcher->dispatch(Object(CakeRequest), Object(CakeResponse))
#12 {main}
2012-05-01 08:51:05 Error: [MissingViewException] View file "/Users/robsa/Sites/grabitdown/app/View/Themed/V1/Codes/index.ctp" is missing.
#0 /Users/robsa/Sites/grabitdown/lib/Cake/View/View.php(460): View->_getViewFileName(NULL)
#1 /Users/robsa/Sites/grabitdown/lib/Cake/Controller/Controller.php(959): View->render(NULL, NULL)
#2 /Users/robsa/Sites/grabitdown/lib/Cake/Routing/Dispatcher.php(110): Controller->render()
#3 /Users/robsa/Sites/grabitdown/lib/Cake/Routing/Dispatcher.php(85): Dispatcher->_invoke(Object(CodesController), Object(CakeRequest), Object(CakeResponse))
#4 /Users/robsa/Sites/grabitdown/app/webroot/index.php(92): Dispatcher->dispatch(Object(CakeRequest), Object(CakeResponse))
#5 {main}
2012-05-01 08:55:09 Error: [NotFoundException] Invalid upload
#0 [internal function]: UploadsController->view('1')
#1 /Users/robsa/Sites/grabitdown/lib/Cake/Controller/Controller.php(485): ReflectionMethod->invokeArgs(Object(UploadsController), Array)
#2 /Users/robsa/Sites/grabitdown/lib/Cake/Routing/Dispatcher.php(103): Controller->invokeAction(Object(CakeRequest))
#3 /Users/robsa/Sites/grabitdown/lib/Cake/Routing/Dispatcher.php(85): Dispatcher->_invoke(Object(UploadsController), Object(CakeRequest), Object(CakeResponse))
#4 /Users/robsa/Sites/grabitdown/app/webroot/index.php(92): Dispatcher->dispatch(Object(CakeRequest), Object(CakeResponse))
#5 {main}
2012-05-01 08:57:36 Error: [PDOException] SQLSTATE[23000]: Integrity constraint violation: 1062 Duplicate entry 'test@test.com' for key 'email'
#0 /Users/robsa/Sites/grabitdown/lib/Cake/Model/Datasource/DboSource.php(437): PDOStatement->execute(Array)
#1 /Users/robsa/Sites/grabitdown/lib/Cake/Model/Datasource/DboSource.php(403): DboSource->_execute('INSERT INTO `gr...', Array)
#2 /Users/robsa/Sites/grabitdown/lib/Cake/Model/Datasource/DboSource.php(985): DboSource->execute('INSERT INTO `gr...')
#3 /Users/robsa/Sites/grabitdown/lib/Cake/Model/Model.php(1705): DboSource->create(Object(User), Array, Array)
#4 /Users/robsa/Sites/grabitdown/app/Model/User.php(365): Model->save(Array, false)
#5 /Users/robsa/Sites/grabitdown/app/Controller/UploadsController.php(46): User->register(Array)
#6 [internal function]: UploadsController->add()
#7 /Users/robsa/Sites/grabitdown/lib/Cake/Controller/Controller.php(485): ReflectionMethod->invokeArgs(Object(UploadsController), Array)
#8 /Users/robsa/Sites/grabitdown/lib/Cake/Routing/Dispatcher.php(103): Controller->invokeAction(Object(CakeRequest))
#9 /Users/robsa/Sites/grabitdown/lib/Cake/Routing/Dispatcher.php(85): Dispatcher->_invoke(Object(UploadsController), Object(CakeRequest), Object(CakeResponse))
#10 /Users/robsa/Sites/grabitdown/app/webroot/index.php(92): Dispatcher->dispatch(Object(CakeRequest), Object(CakeResponse))
#11 {main}
